\BOOKMARK [0][]{chapter.1}{\376\377\0001\000\040\000E\000l\000e\000g\000a\000n\000t\000L\000a\000T\000e\000X\000\040\174\373\122\027\152\041\147\177\116\313\176\315}{}% 1
\BOOKMARK [1][]{section.1.1}{\376\377\0001\000.\0001\000\040\000E\000l\000e\000g\000a\000n\000t\000B\000o\000o\000k\000\040\146\364\145\260\213\364\146\016}{chapter.1}% 2
\BOOKMARK [1][]{section.1.2}{\376\377\0001\000.\0002\000\040\152\041\147\177\133\211\210\305\116\016\146\364\145\260}{chapter.1}% 3
\BOOKMARK [2][]{subsection.1.2.1}{\376\377\0001\000.\0002\000.\0001\000\040\127\050\176\277\117\177\165\050\152\041\147\177}{section.1.2}% 4
\BOOKMARK [2][]{subsection.1.2.2}{\376\377\0001\000.\0002\000.\0002\000\040\147\054\127\060\121\115\133\211\210\305\117\177\165\050}{section.1.2}% 5
\BOOKMARK [2][]{subsection.1.2.3}{\376\377\0001\000.\0002\000.\0003\000\040\123\321\210\114\162\110\133\211\210\305\117\177\165\050}{section.1.2}% 6
\BOOKMARK [2][]{subsection.1.2.4}{\376\377\0001\000.\0002\000.\0004\000\040\146\364\145\260\225\356\230\230}{section.1.2}% 7
\BOOKMARK [2][]{subsection.1.2.5}{\376\377\0001\000.\0002\000.\0005\000\040\121\166\116\326\123\321\210\114\162\110\147\054}{section.1.2}% 8
\BOOKMARK [1][]{section.1.3}{\376\377\0001\000.\0003\000\040\121\163\116\216\143\320\116\244}{chapter.1}% 9
\BOOKMARK [0][]{chapter.2}{\376\377\0002\000\040\000E\000l\000e\000g\000a\000n\000t\000B\000o\000o\000k\000\040\213\276\177\156\213\364\146\016}{}% 10
\BOOKMARK [1][]{section.2.1}{\376\377\0002\000.\0001\000\040\213\355\212\000\152\041\137\017}{chapter.2}% 11
\BOOKMARK [1][]{section.2.2}{\376\377\0002\000.\0002\000\040\213\276\131\007\220\011\230\171}{chapter.2}% 12
\BOOKMARK [1][]{section.2.3}{\376\377\0002\000.\0003\000\040\230\234\202\162\116\073\230\230}{chapter.2}% 13
\BOOKMARK [1][]{section.2.4}{\376\377\0002\000.\0004\000\040\134\001\227\142}{chapter.2}% 14
\BOOKMARK [2][]{subsection.2.4.1}{\376\377\0002\000.\0004\000.\0001\000\040\134\001\227\142\116\052\140\047\123\026}{section.2.4}% 15
\BOOKMARK [2][]{subsection.2.4.2}{\376\377\0002\000.\0004\000.\0002\000\040\134\001\227\142\126\376}{section.2.4}% 16
\BOOKMARK [2][]{subsection.2.4.3}{\376\377\0002\000.\0004\000.\0003\000\040\137\275\150\007}{section.2.4}% 17
\BOOKMARK [2][]{subsection.2.4.4}{\376\377\0002\000.\0004\000.\0004\000\040\201\352\133\232\116\111\134\001\227\142}{section.2.4}% 18
\BOOKMARK [1][]{section.2.5}{\376\377\0002\000.\0005\000\040\172\340\150\007\150\007\230\230}{chapter.2}% 19
\BOOKMARK [1][]{section.2.6}{\376\377\0002\000.\0006\000\040\145\160\133\146\163\257\130\203\173\200\116\313}{chapter.2}% 20
\BOOKMARK [2][]{subsection.2.6.1}{\376\377\0002\000.\0006\000.\0001\000\040\133\232\164\006\174\173\163\257\130\203\166\204\117\177\165\050}{section.2.6}% 21
\BOOKMARK [2][]{subsection.2.6.2}{\376\377\0002\000.\0006\000.\0002\000\040\121\166\116\326\163\257\130\203\166\204\117\177\165\050}{section.2.6}% 22
\BOOKMARK [1][]{section.2.7}{\376\377\0002\000.\0007\000\040\122\027\210\150\163\257\130\203}{chapter.2}% 23
\BOOKMARK [1][]{section.2.8}{\376\377\0002\000.\0008\000\040\123\302\200\003\145\207\163\056}{chapter.2}% 24
\BOOKMARK [1][]{section.2.9}{\376\377\0002\000.\0009\000\040\155\373\122\240\136\217\172\340}{chapter.2}% 25
\BOOKMARK [1][]{section.2.10}{\376\377\0002\000.\0001\0000\000\040\166\356\137\125\220\011\230\171\116\016\155\361\136\246}{chapter.2}% 26
\BOOKMARK [1][]{section.2.11}{\376\377\0002\000.\0001\0001\000\040\172\340\202\202\144\130\211\201}{chapter.2}% 27
\BOOKMARK [1][]{section.2.12}{\376\377\0002\000.\0001\0002\000\040\172\340\124\016\116\140\230\230}{chapter.2}% 28
\BOOKMARK [1][]{section*.6}{\376\377\176\303\116\140}{chapter.2}% 29
\BOOKMARK [1][]{section.2.13}{\376\377\0002\000.\0001\0003\000\040\145\301\154\350}{chapter.2}% 30
\BOOKMARK [0][]{chapter.3}{\376\377\0003\000\040\133\127\117\123\220\011\230\171}{}% 31
\BOOKMARK [1][]{section.3.1}{\376\377\0003\000.\0001\000\040\145\160\133\146\133\127\117\123\220\011\230\171}{chapter.3}% 32
\BOOKMARK [1][]{section.3.2}{\376\377\0003\000.\0002\000\040\117\177\165\050\000\040\000n\000e\000w\000t\000x\000\040\174\373\122\027\133\127\117\123}{chapter.3}% 33
\BOOKMARK [2][]{subsection.3.2.1}{\376\377\0003\000.\0002\000.\0001\000\040\217\336\133\127\173\046}{section.3.2}% 34
\BOOKMARK [2][]{subsection.3.2.2}{\376\377\0003\000.\0002\000.\0002\000\040\133\217\123\005\121\262\172\201}{section.3.2}% 35
\BOOKMARK [1][]{section.3.3}{\376\377\0003\000.\0003\000\040\116\055\145\207\133\127\117\123\220\011\230\171}{chapter.3}% 36
\BOOKMARK [2][]{subsection.3.3.1}{\376\377\0003\000.\0003\000.\0001\000\040\145\271\153\143\133\127\117\123\220\011\230\171}{section.3.3}% 37
\BOOKMARK [2][]{subsection.3.3.2}{\376\377\0003\000.\0003\000.\0002\000\040\121\166\116\326\116\055\145\207\133\127\117\123}{section.3.3}% 38
\BOOKMARK [0][]{chapter.4}{\376\377\0004\000\040\000E\000l\000e\000g\000a\000n\000t\000B\000o\000o\000k\000\040\121\231\117\134\171\072\117\213}{}% 39
\BOOKMARK [1][]{section.4.1}{\376\377\0004\000.\0001\000\040\000L\000e\000b\000e\000s\000g\000u\000e\000\040\171\357\122\006}{chapter.4}% 40
\BOOKMARK [2][]{subsection.4.1.1}{\376\377\0004\000.\0001\000.\0001\000\040\171\357\122\006\166\204\133\232\116\111}{section.4.1}% 41
\BOOKMARK [1][]{section*.9}{\376\377\176\303\116\140}{chapter.4}% 42
\BOOKMARK [0][]{chapter.5}{\376\377\0005\000\040\136\070\211\301\225\356\230\230\226\306}{}% 43
\BOOKMARK [0][]{chapter.6}{\376\377\0006\000\040\162\110\147\054\146\364\145\260\123\206\123\362}{}% 44
\BOOKMARK [0][]{appendix.A}{\376\377\000A\000\040\127\372\147\054\145\160\133\146\135\345\121\167}{}% 45
\BOOKMARK [1][]{section.A.1}{\376\377\000A\000.\0001\000\040\154\102\124\214\173\227\133\120\116\016\143\317\217\360\176\337\213\241\221\317}{appendix.A}% 46
