\BOOKMARK [0][]{chapter.1}{\376\377\0001\000\040\213\355\227\363\124\010\142\020\151\202\217\360}{}% 1
\BOOKMARK [1][]{section.1.1}{\376\377\0001\000.\0001\000\040\200\314\146\157\124\214\151\202\217\360}{chapter.1}% 2
\BOOKMARK [2][]{subsection.1.1.1}{\376\377\0001\000.\0001\000.\0001\000\040\200\314\146\157\116\313\176\315}{section.1.1}% 3
\BOOKMARK [2][]{subsection.1.1.2}{\376\377\0001\000.\0001\000.\0002\000\040\213\355\227\363\124\010\142\020\151\202\217\360}{section.1.1}% 4
\BOOKMARK [2][]{subsection.1.1.3}{\376\377\0001\000.\0001\000.\0003\000\040\213\355\227\363\124\010\142\020\166\204\123\206\123\362}{section.1.1}% 5
\BOOKMARK [2][]{subsection.1.1.4}{\376\377\0001\000.\0001\000.\0004\000\040\137\123\116\343\213\355\227\363\124\010\142\020\150\106\147\266}{section.1.1}% 6
\BOOKMARK [1][]{section.1.2}{\376\377\0001\000.\0002\000\040\000A\000w\000e\000s\000o\000m\000e\000\040\000L\000i\000s\000t}{chapter.1}% 7
\BOOKMARK [1][]{section.1.3}{\376\377\0001\000.\0003\000\040\123\302\200\003\116\146\174\115}{chapter.1}% 8
\BOOKMARK [1][]{section.1.4}{\376\377\0001\000.\0004\000\040\213\355\227\363\166\370\121\163\166\204\117\032\213\256\060\001\147\037\122\012\060\001\153\324\215\133\124\214\121\154\123\370}{chapter.1}% 9
\BOOKMARK [2][]{subsection.1.4.1}{\376\377\0001\000.\0004\000.\0001\000\040\117\032\213\256}{section.1.4}% 10
\BOOKMARK [2][]{subsection.1.4.2}{\376\377\0001\000.\0004\000.\0002\000\040\147\037\122\012}{section.1.4}% 11
\BOOKMARK [2][]{subsection.1.4.3}{\376\377\0001\000.\0004\000.\0003\000\040\147\000\145\260\213\272\145\207}{section.1.4}% 12
\BOOKMARK [2][]{subsection.1.4.4}{\376\377\0001\000.\0004\000.\0004\000\040\153\324\215\133}{section.1.4}% 13
\BOOKMARK [2][]{subsection.1.4.5}{\376\377\0001\000.\0004\000.\0005\000\040\121\154\123\370}{section.1.4}% 14
\BOOKMARK [2][]{subsection.1.4.6}{\376\377\0001\000.\0004\000.\0006\000\040\137\256\117\341\121\154\117\027\123\367}{section.1.4}% 15
\BOOKMARK [1][]{section.1.5}{\376\377\0001\000.\0005\000\040\137\000\156\220\215\104\145\231}{chapter.1}% 16
\BOOKMARK [2][]{subsection.1.5.1}{\376\377\0001\000.\0005\000.\0001\000\040\116\055\145\207\145\160\143\156\226\306}{section.1.5}% 17
\BOOKMARK [2][]{subsection.1.5.2}{\376\377\0001\000.\0005\000.\0002\000\040\202\361\145\207\145\160\143\156\226\306}{section.1.5}% 18
\BOOKMARK [2][]{subsection.1.5.3}{\376\377\0001\000.\0005\000.\0003\000\040\140\305\141\037\145\160\143\156\226\306}{section.1.5}% 19
\BOOKMARK [2][]{subsection.1.5.4}{\376\377\0001\000.\0005\000.\0004\000\040\121\166\133\203\145\160\143\156\226\306}{section.1.5}% 20
\BOOKMARK [2][]{subsection.1.5.5}{\376\377\0001\000.\0005\000.\0005\000\040\137\000\156\220\135\345\121\167}{section.1.5}% 21
\BOOKMARK [2][]{subsection.1.5.6}{\376\377\0001\000.\0005\000.\0006\000\040\137\000\156\220\230\171\166\356}{section.1.5}% 22
\BOOKMARK [1][]{section.1.6}{\376\377\0001\000.\0006\000\040\213\355\227\363\124\010\142\020\213\304\116\367\143\007\150\007}{chapter.1}% 23
\BOOKMARK [1][]{section.1.7}{\376\377\0001\000.\0007\000\040\136\163\127\107\141\017\211\301\137\227\122\006\166\204\155\113\213\304\211\201\154\102\116\016\145\271\154\325}{chapter.1}% 24
\BOOKMARK [2][]{subsection.1.7.1}{\376\377\0001\000.\0007\000.\0001\000\040\133\236\232\214\211\201\154\102}{section.1.7}% 25
\BOOKMARK [2][]{subsection.1.7.2}{\376\377\0001\000.\0007\000.\0002\000\040\133\236\232\214\145\271\154\325}{section.1.7}% 26
\BOOKMARK [2][]{subsection.1.7.3}{\376\377\0001\000.\0007\000.\0003\000\040\133\236\232\214\153\145\232\244}{section.1.7}% 27
\BOOKMARK [2][]{subsection.1.7.4}{\376\377\0001\000.\0007\000.\0004\000\040\133\236\232\214\213\276\213\241}{section.1.7}% 28
\BOOKMARK [2][]{subsection.1.7.5}{\376\377\0001\000.\0007\000.\0005\000\040\133\236\232\214\145\160\143\156\131\004\164\006}{section.1.7}% 29
\BOOKMARK [0][]{chapter.2}{\376\377\0002\000\040\213\355\227\363\117\341\123\367\127\372\170\100}{}% 30
\BOOKMARK [1][]{section.2.1}{\376\377\0002\000.\0001\000\040\123\302\200\003\215\104\145\231}{chapter.2}% 31
\BOOKMARK [1][]{section.2.2}{\376\377\0002\000.\0002\000\040\213\355\227\363\127\372\147\054\151\202\137\365}{chapter.2}% 32
\BOOKMARK [2][]{subsection.2.2.1}{\376\377\0002\000.\0002\000.\0001\000\040\200\375\221\317}{section.2.2}% 33
\BOOKMARK [2][]{subsection.2.2.2}{\376\377\0002\000.\0002\000.\0002\000\040\167\355\145\366\200\375\221\317}{section.2.2}% 34
\BOOKMARK [2][]{subsection.2.2.3}{\376\377\0002\000.\0002\000.\0003\000\040\130\360\137\072\124\214\130\360\137\072\176\247}{section.2.2}% 35
\BOOKMARK [2][]{subsection.2.2.4}{\376\377\0002\000.\0002\000.\0004\000\040\124\315\136\246}{section.2.2}% 36
\BOOKMARK [2][]{subsection.2.2.5}{\376\377\0002\000.\0002\000.\0005\000\040\217\307\226\366\163\207}{section.2.2}% 37
\BOOKMARK [1][]{section.2.3}{\376\377\0002\000.\0003\000\040\123\321\227\363\133\146}{chapter.2}% 38
\BOOKMARK [2][]{subsection.2.3.1}{\376\377\0002\000.\0003\000.\0001\000\040\121\166\133\203\151\202\137\365}{section.2.3}% 39
\BOOKMARK [1][]{section.2.4}{\376\377\0002\000.\0004\000\040\227\363\230\221\150\074\137\017}{chapter.2}% 40
\BOOKMARK [1][]{section.2.5}{\376\377\0002\000.\0005\000\040\123\321\227\363\133\146}{chapter.2}% 41
\BOOKMARK [1][]{section.2.6}{\376\377\0002\000.\0006\000\040\145\160\133\127\117\341\123\367\131\004\164\006}{chapter.2}% 42
\BOOKMARK [2][]{subsection.2.6.1}{\376\377\0002\000.\0006\000.\0001\000\040\152\041\145\160\217\154\143\142}{section.2.6}% 43
\BOOKMARK [2][]{subsection.2.6.2}{\376\377\0002\000.\0006\000.\0002\000\040\120\205\221\314\123\366\123\330\143\142}{section.2.6}% 44
\BOOKMARK [2][]{subsection.2.6.3}{\376\377\0002\000.\0006\000.\0003\000\040\230\221\214\061\154\304\227\062}{section.2.6}% 45
\BOOKMARK [2][]{subsection.2.6.4}{\376\377\0002\000.\0006\000.\0004\000\040\230\221\163\207\122\006\217\250\163\207}{section.2.6}% 46
\BOOKMARK [0][]{chapter.3}{\376\377\0003\000\040\213\355\227\363\162\171\137\201\143\320\123\326}{}% 47
\BOOKMARK [1][]{section.3.1}{\376\377\0003\000.\0001\000\040\230\204\131\004\164\006}{chapter.3}% 48
\BOOKMARK [2][]{subsection.3.1.1}{\376\377\0003\000.\0001\000.\0001\000\040\230\204\122\240\221\315}{section.3.1}% 49
\BOOKMARK [2][]{subsection.3.1.2}{\376\377\0003\000.\0001\000.\0002\000\040\122\006\136\047}{section.3.1}% 50
\BOOKMARK [2][]{subsection.3.1.3}{\376\377\0003\000.\0001\000.\0003\000\040\122\240\172\227}{section.3.1}% 51
\BOOKMARK [1][]{section.3.2}{\376\377\0003\000.\0002\000\040\167\355\145\366\120\205\221\314\123\366\123\330\143\142}{chapter.3}% 52
\BOOKMARK [1][]{section.3.3}{\376\377\0003\000.\0003\000\040\124\054\211\311\162\171\140\047}{chapter.3}% 53
\BOOKMARK [2][]{subsection.3.3.1}{\376\377\0003\000.\0003\000.\0001\000\040\150\205\134\024\156\344\154\342}{section.3.3}% 54
\BOOKMARK [2][]{subsection.3.3.2}{\376\377\0003\000.\0003\000.\0002\000\040\000B\000a\000r\000k\156\344\154\342}{section.3.3}% 55
\BOOKMARK [1][]{section.3.4}{\376\377\0003\000.\0004\000\040\120\022\214\061\122\006\147\220}{chapter.3}% 56
\BOOKMARK [1][]{section.3.5}{\376\377\0003\000.\0005\000\040\136\070\211\301\166\204\130\360\133\146\162\171\137\201}{chapter.3}% 57
\BOOKMARK [2][]{subsection.3.5.1}{\376\377\0003\000.\0005\000.\0001\000\040\000F\000B\000a\000n\000k}{section.3.5}% 58
\BOOKMARK [2][]{subsection.3.5.2}{\376\377\0003\000.\0005\000.\0002\000\040\000M\000F\000C\000C}{section.3.5}% 59
\BOOKMARK [1][]{section.3.6}{\376\377\0003\000.\0006\000\040\121\167\117\123\144\315\117\134}{chapter.3}% 60
\BOOKMARK [2][]{subsection.3.6.1}{\376\377\0003\000.\0006\000.\0001\000\040\122\051\165\050\000l\000i\000b\000r\000o\000s\000a\213\373\123\326\227\363\230\221}{section.3.6}% 61
\BOOKMARK [2][]{subsection.3.6.2}{\376\377\0003\000.\0006\000.\0002\000\040\143\320\123\326\150\205\134\024\230\221\214\061}{section.3.6}% 62
\BOOKMARK [2][]{subsection.3.6.3}{\376\377\0003\000.\0006\000.\0003\000\040\143\320\123\326\000M\000F\000C\000C}{section.3.6}% 63
\BOOKMARK [0][]{chapter.4}{\376\377\0004\000\040\227\363\136\223\122\066\117\134\124\214\145\207\147\054\122\115\172\357}{}% 64
\BOOKMARK [1][]{section.4.1}{\376\377\0004\000.\0001\000\040\227\363\136\223\122\066\117\134}{chapter.4}% 65
\BOOKMARK [2][]{subsection.4.1.1}{\376\3